<?xml version="1.0" encoding="UTF-8"?>
<testsuite xmlns:xsi="http://www.w3.org/2001/XMLSchema-instance" xsi:noNamespaceSchemaLocation="https://maven.apache.org/surefire/maven-surefire-plugin/xsd/surefire-test-report.xsd" name="InscripcionMaterias.ApplicationTests" time="0.262" tests="1" errors="1" skipped="0" failures="0">
  <properties>
    <property name="java.specification.version" value="15"/>
    <property name="sun.jnu.encoding" value="UTF-8"/>
    <property name="java.class.path" value="/home/tonisrt/Documents/WorkSpace/InscipcionMaterias/target/test-classes:/home/tonisrt/Documents/WorkSpace/InscipcionMaterias/target/classes:/home/tonisrt/.m2/repository/mysql/mysql-connector-java/8.0.23/mysql-connector-java-8.0.23.jar:/home/tonisrt/.m2/repository/org/springframework/boot/spring-boot-starter-data-jpa/2.4.5/spring-boot-starter-data-jpa-2.4.5.jar:/home/tonisrt/.m2/repository/org/springframework/boot/spring-boot-starter-aop/2.4.5/spring-boot-starter-aop-2.4.5.jar:/home/tonisrt/.m2/repository/org/aspectj/aspectjweaver/1.9.6/aspectjweaver-1.9.6.jar:/home/tonisrt/.m2/repository/org/springframework/boot/spring-boot-starter-jdbc/2.4.5/spring-boot-starter-jdbc-2.4.5.jar:/home/tonisrt/.m2/repository/com/zaxxer/HikariCP/3.4.5/HikariCP-3.4.5.jar:/home/tonisrt/.m2/repository/org/springframework/spring-jdbc/5.3.6/spring-jdbc-5.3.6.jar:/home/tonisrt/.m2/repository/jakarta/transaction/jakarta.transaction-api/1.3.3/jakarta.transaction-api-1.3.3.jar:/home/tonisrt/.m2/repository/jakarta/persistence/jakarta.persistence-api/2.2.3/jakarta.persistence-api-2.2.3.jar:/home/tonisrt/.m2/repository/org/hibernate/hibernate-core/5.4.30.Final/hibernate-core-5.4.30.Final.jar:/home/tonisrt/.m2/repository/org/jboss/logging/jboss-logging/3.4.1.Final/jboss-logging-3.4.1.Final.jar:/home/tonisrt/.m2/repository/org/javassist/javassist/3.27.0-GA/javassist-3.27.0-GA.jar:/home/tonisrt/.m2/repository/net/bytebuddy/byte-buddy/1.10.22/byte-buddy-1.10.22.jar:/home/tonisrt/.m2/repository/antlr/antlr/2.7.7/antlr-2.7.7.jar:/home/tonisrt/.m2/repository/org/jboss/jandex/2.2.3.Final/jandex-2.2.3.Final.jar:/home/tonisrt/.m2/repository/com/fasterxml/classmate/1.5.1/classmate-1.5.1.jar:/home/tonisrt/.m2/repository/org/dom4j/dom4j/2.1.3/dom4j-2.1.3.jar:/home/tonisrt/.m2/repository/org/hibernate/common/hibernate-commons-annotations/5.1.2.Final/hibernate-commons-annotations-5.1.2.Final.jar:/home/tonisrt/.m2/repository/org/glassfish/jaxb/jaxb-runtime/2.3.4/jaxb-runtime-2.3.4.jar:/home/tonisrt/.m2/repository/org/glassfish/jaxb/txw2/2.3.4/txw2-2.3.4.jar:/home/tonisrt/.m2/repository/com/sun/istack/istack-commons-runtime/3.0.12/istack-commons-runtime-3.0.12.jar:/home/tonisrt/.m2/repository/com/sun/activation/jakarta.activation/1.2.2/jakarta.activation-1.2.2.jar:/home/tonisrt/.m2/repository/org/springframework/data/spring-data-jpa/2.4.8/spring-data-jpa-2.4.8.jar:/home/tonisrt/.m2/repository/org/springframework/data/spring-data-commons/2.4.8/spring-data-commons-2.4.8.jar:/home/tonisrt/.m2/repository/org/springframework/spring-orm/5.3.6/spring-orm-5.3.6.jar:/home/tonisrt/.m2/repository/org/springframework/spring-context/5.3.6/spring-context-5.3.6.jar:/home/tonisrt/.m2/repository/org/springframework/spring-tx/5.3.6/spring-tx-5.3.6.jar:/home/tonisrt/.m2/repository/org/springframework/spring-beans/5.3.6/spring-beans-5.3.6.jar:/home/tonisrt/.m2/repository/org/slf4j/slf4j-api/1.7.30/slf4j-api-1.7.30.jar:/home/tonisrt/.m2/repository/org/springframework/spring-aspects/5.3.6/spring-aspects-5.3.6.jar:/home/tonisrt/.m2/repository/org/springframework/boot/spring-boot-starter-security/2.4.5/spring-boot-starter-security-2.4.5.jar:/home/tonisrt/.m2/repository/org/springframework/boot/spring-boot-starter/2.4.5/spring-boot-starter-2.4.5.jar:/home/tonisrt/.m2/repository/org/springframework/boot/spring-boot-starter-logging/2.4.5/spring-boot-starter-logging-2.4.5.jar:/home/tonisrt/.m2/repository/ch/qos/logback/logback-classic/1.2.3/logback-classic-1.2.3.jar:/home/tonisrt/.m2/repository/ch/qos/logback/logback-core/1.2.3/logback-core-1.2.3.jar:/home/tonisrt/.m2/repository/org/apache/logging/log4j/log4j-to-slf4j/2.13.3/log4j-to-slf4j-2.13.3.jar:/home/tonisrt/.m2/repository/org/apache/logging/log4j/log4j-api/2.13.3/log4j-api-2.13.3.jar:/home/tonisrt/.m2/repository/org/slf4j/jul-to-slf4j/1.7.30/jul-to-slf4j-1.7.30.jar:/home/tonisrt/.m2/repository/jakarta/annotation/jakarta.annotation-api/1.3.5/jakarta.annotation-api-1.3.5.jar:/home/tonisrt/.m2/repository/org/yaml/snakeyaml/1.27/snakeyaml-1.27.jar:/home/tonisrt/.m2/repository/org/springframework/spring-aop/5.3.6/spring-aop-5.3.6.jar:/home/tonisrt/.m2/repository/org/springframework/security/spring-security-config/5.4.6/spring-security-config-5.4.6.jar:/home/tonisrt/.m2/repository/org/springframework/security/spring-security-web/5.4.6/spring-security-web-5.4.6.jar:/home/tonisrt/.m2/repository/org/springframework/spring-expression/5.3.6/spring-expression-5.3.6.jar:/home/tonisrt/.m2/repository/org/springframework/boot/spring-boot-starter-web/2.4.5/spring-boot-starter-web-2.4.5.jar:/home/tonisrt/.m2/repository/org/springframework/boot/spring-boot-starter-json/2.4.5/spring-boot-starter-json-2.4.5.jar:/home/tonisrt/.m2/repository/com/fasterxml/jackson/core/jackson-databind/2.11.4/jackson-databind-2.11.4.jar:/home/tonisrt/.m2/repository/com/fasterxml/jackson/core/jackson-annotations/2.11.4/jackson-annotations-2.11.4.jar:/home/tonisrt/.m2/repository/com/fasterxml/jackson/core/jackson-core/2.11.4/jackson-core-2.11.4.jar:/home/tonisrt/.m2/repository/com/fasterxml/jackson/datatype/jackson-datatype-jdk8/2.11.4/jackson-datatype-jdk8-2.11.4.jar:/home/tonisrt/.m2/repository/com/fasterxml/jackson/datatype/jackson-datatype-jsr310/2.11.4/jackson-datatype-jsr310-2.11.4.jar:/home/tonisrt/.m2/repository/com/fasterxml/jackson/module/jackson-module-parameter-names/2.11.4/jackson-module-parameter-names-2.11.4.jar:/home/tonisrt/.m2/repository/org/springframework/boot/spring-boot-starter-tomcat/2.4.5/spring-boot-starter-tomcat-2.4.5.jar:/home/tonisrt/.m2/repository/org/apache/tomcat/embed/tomcat-embed-core/9.0.45/tomcat-embed-core-9.0.45.jar:/home/tonisrt/.m2/repository/org/glassfish/jakarta.el/3.0.3/jakarta.el-3.0.3.jar:/home/tonisrt/.m2/repository/org/apache/tomcat/embed/tomcat-embed-websocket/9.0.45/tomcat-embed-websocket-9.0.45.jar:/home/tonisrt/.m2/repository/org/springframework/spring-web/5.3.6/spring-web-5.3.6.jar:/home/tonisrt/.m2/repository/org/springframework/spring-webmvc/5.3.6/spring-webmvc-5.3.6.jar:/home/tonisrt/.m2/repository/com/vaadin/vaadin-spring-boot-starter/14.5.3/vaadin-spring-boot-starter-14.5.3.jar:/home/tonisrt/.m2/repository/com/vaadin/vaadin-spring/12.3.3/vaadin-spring-12.3.3.jar:/home/tonisrt/.m2/repository/com/vaadin/flow-server/2.5.3/flow-server-2.5.3.jar:/home/tonisrt/.m2/repository/com/vaadin/external/gwt/gwt-elemental/2.8.2.vaadin2/gwt-elemental-2.8.2.vaadin2.jar:/home/tonisrt/.m2/repository/commons-fileupload/commons-fileupload/1.3.3/commons-fileupload-1.3.3.jar:/home/tonisrt/.m2/repository/commons-io/commons-io/2.5/commons-io-2.5.jar:/home/tonisrt/.m2/repository/org/jsoup/jsoup/1.12.1/jsoup-1.12.1.jar:/home/tonisrt/.m2/repository/com/helger/ph-css/6.1.1/ph-css-6.1.1.jar:/home/tonisrt/.m2/repository/com/helger/ph-commons/9.1.2/ph-commons-9.1.2.jar:/home/tonisrt/.m2/repository/com/vaadin/external/gentyref/1.2.0.vaadin1/gentyref-1.2.0.vaadin1.jar:/home/tonisrt/.m2/repository/org/apache/commons/commons-compress/1.19/commons-compress-1.19.jar:/home/tonisrt/.m2/repository/org/apache/httpcomponents/httpclient/4.5.13/httpclient-4.5.13.jar:/home/tonisrt/.m2/repository/org/apache/httpcomponents/httpcore/4.4.14/httpcore-4.4.14.jar:/home/tonisrt/.m2/repository/commons-codec/commons-codec/1.15/commons-codec-1.15.jar:/home/tonisrt/.m2/repository/com/vaadin/flow-push/2.5.3/flow-push-2.5.3.jar:/home/tonisrt/.m2/repository/com/vaadin/external/atmosphere/atmosphere-runtime/2.4.30.slf4jvaadin1/atmosphere-runtime-2.4.30.slf4jvaadin1.jar:/home/tonisrt/.m2/repository/com/vaadin/flow-client/2.5.3/flow-client-2.5.3.jar:/home/tonisrt/.m2/repository/org/springframework/spring-websocket/5.3.6/spring-websocket-5.3.6.jar:/home/tonisrt/.m2/repository/com/vaadin/vaadin-core/14.5.3/vaadin-core-14.5.3.jar:/home/tonisrt/.m2/repository/com/vaadin/flow-lit-template/2.5.3/flow-lit-template-2.5.3.jar:/home/tonisrt/.m2/repository/com/vaadin/flow-html-components/2.5.3/flow-html-components-2.5.3.jar:/home/tonisrt/.m2/repository/com/vaadin/flow-data/2.5.3/flow-data-2.5.3.jar:/home/tonisrt/.m2/repository/javax/validation/validation-api/2.0.1.Final/validation-api-2.0.1.Final.jar:/home/tonisrt/.m2/repository/com/vaadin/flow-dnd/2.5.3/flow-dnd-2.5.3.jar:/home/tonisrt/.m2/repository/org/webjars/npm/vaadin__vaadin-mobile-drag-drop/1.0.0/vaadin__vaadin-mobile-drag-drop-1.0.0.jar:/home/tonisrt/.m2/repository/org/webjars/npm/mobile-drag-drop/2.3.0-rc.1/mobile-drag-drop-2.3.0-rc.1.jar:/home/tonisrt/.m2/repository/com/vaadin/vaadin-lumo-theme/2.5.3/vaadin-lumo-theme-2.5.3.jar:/home/tonisrt/.m2/repository/org/webjars/bowergithub/vaadin/vaadin-lumo-styles/1.6.1/vaadin-lumo-styles-1.6.1.jar:/home/tonisrt/.m2/repository/org/webjars/bowergithub/polymerelements/iron-icon/2.1.0/iron-icon-2.1.0.jar:/home/tonisrt/.m2/repository/org/webjars/bowergithub/polymerelements/iron-meta/2.1.1/iron-meta-2.1.1.jar:/home/tonisrt/.m2/repository/org/webjars/bowergithub/polymerelements/iron-iconset-svg/2.2.1/iron-iconset-svg-2.2.1.jar:/home/tonisrt/.m2/repository/org/webjars/bowergithub/polymerelements/iron-flex-layout/2.0.3/iron-flex-layout-2.0.3.jar:/home/tonisrt/.m2/repository/org/webjars/bowergithub/polymer/polymer/2.7.0/polymer-2.7.0.jar:/home/tonisrt/.m2/repository/org/webjars/bowergithub/webcomponents/shadycss/1.8.0/shadycss-1.8.0.jar:/home/tonisrt/.m2/repository/com/vaadin/vaadin-material-theme/2.5.3/vaadin-material-theme-2.5.3.jar:/home/tonisrt/.m2/repository/org/webjars/bowergithub/vaadin/vaadin-material-styles/1.3.2/vaadin-material-styles-1.3.2.jar:/home/tonisrt/.m2/repository/com/vaadin/vaadin-accordion-flow/14.5.3/vaadin-accordion-flow-14.5.3.jar:/home/tonisrt/.m2/repository/org/webjars/bowergithub/vaadin/vaadin-accordion/1.2.0/vaadin-accordion-1.2.0.jar:/home/tonisrt/.m2/repository/org/webjars/bowergithub/vaadin/vaadin-themable-mixin/1.6.2/vaadin-themable-mixin-1.6.2.jar:/home/tonisrt/.m2/repository/org/webjars/bowergithub/webcomponents/webcomponentsjs/1.2.6/webcomponentsjs-1.2.6.jar:/home/tonisrt/.m2/repository/org/webjars/bowergithub/vaadin/vaadin-element-mixin/2.4.2/vaadin-element-mixin-2.4.2.jar:/home/tonisrt/.m2/repository/org/webjars/bowergithub/vaadin/vaadin-usage-statistics/2.1.0/vaadin-usage-statistics-2.1.0.jar:/home/tonisrt/.m2/repository/org/webjars/bowergithub/vaadin/vaadin-development-mode-detector/2.0.4/vaadin-development-mode-detector-2.0.4.jar:/home/tonisrt/.m2/repository/com/vaadin/vaadin-avatar-flow/14.5.3/vaadin-avatar-flow-14.5.3.jar:/home/tonisrt/.m2/repository/org/webjars/bowergithub/vaadin/vaadin-avatar/1.0.4/vaadin-avatar-1.0.4.jar:/home/tonisrt/.m2/repository/org/webjars/bowergithub/polymerelements/iron-a11y-announcer/2.1.0/iron-a11y-announcer-2.1.0.jar:/home/tonisrt/.m2/repository/org/webjars/bowergithub/polymerelements/iron-resizable-behavior/2.1.1/iron-resizable-behavior-2.1.1.jar:/home/tonisrt/.m2/repository/org/webjars/bowergithub/vaadin/vaadin-list-box/1.4.0/vaadin-list-box-1.4.0.jar:/home/tonisrt/.m2/repository/org/webjars/bowergithub/vaadin/vaadin-list-mixin/2.5.1/vaadin-list-mixin-2.5.1.jar:/home/tonisrt/.m2/repository/org/webjars/bowergithub/vaadin/vaadin-item/2.3.0/vaadin-item-2.3.0.jar:/home/tonisrt/.m2/repository/org/webjars/bowergithub/vaadin/vaadin-overlay/3.5.1/vaadin-overlay-3.5.1.jar:/home/tonisrt/.m2/repository/org/webjars/bowergithub/vaadin/vaadin-control-state-mixin/2.2.4/vaadin-control-state-mixin-2.2.4.jar:/home/tonisrt/.m2/repository/com/vaadin/vaadin-button-flow/14.5.3/vaadin-button-flow-14.5.3.jar:/home/tonisrt/.m2/repository/org/webjars/bowergithub/vaadin/vaadin-button/2.4.0/vaadin-button-2.4.0.jar:/home/tonisrt/.m2/repository/com/vaadin/vaadin-checkbox-flow/14.5.3/vaadin-checkbox-flow-14.5.3.jar:/home/tonisrt/.m2/repository/org/webjars/bowergithub/vaadin/vaadin-checkbox/2.5.0/vaadin-checkbox-2.5.0.jar:/home/tonisrt/.m2/repository/com/vaadin/vaadin-combo-box-flow/14.5.3/vaadin-combo-box-flow-14.5.3.jar:/home/tonisrt/.m2/repository/org/webjars/bowergithub/vaadin/vaadin-combo-box/5.4.7/vaadin-combo-box-5.4.7.jar:/home/tonisrt/.m2/repository/org/webjars/bowergithub/vaadin/vaadin-text-field/2.8.4/vaadin-text-field-2.8.4.jar:/home/tonisrt/.m2/repository/org/webjars/bowergithub/polymerelements/iron-list/2.0.20/iron-list-2.0.20.jar:/home/tonisrt/.m2/repository/org/webjars/bowergithub/polymerelements/iron-scroll-target-behavior/2.1.1/iron-scroll-target-behavior-2.1.1.jar:/home/tonisrt/.m2/repository/org/webjars/bowergithub/polymerelements/iron-a11y-keys-behavior/2.1.1/iron-a11y-keys-behavior-2.1.1.jar:/home/tonisrt/.m2/repository/org/webjars/bowergithub/polymerelements/iron-overlay-behavior/2.3.4/iron-overlay-behavior-2.3.4.jar:/home/tonisrt/.m2/repository/org/webjars/bowergithub/polymerelements/iron-fit-behavior/2.2.1/iron-fit-behavior-2.2.1.jar:/home/tonisrt/.m2/repository/com/vaadin/vaadin-custom-field-flow/14.5.3/vaadin-custom-field-flow-14.5.3.jar:/home/tonisrt/.m2/repository/org/webjars/bowergithub/vaadin/vaadin-custom-field/1.3.0/vaadin-custom-field-1.3.0.jar:/home/tonisrt/.m2/repository/com/vaadin/vaadin-date-picker-flow/14.5.3/vaadin-date-picker-flow-14.5.3.jar:/home/tonisrt/.m2/repository/org/webjars/bowergithub/vaadin/vaadin-date-picker/4.4.1/vaadin-date-picker-4.4.1.jar:/home/tonisrt/.m2/repository/org/webjars/bowergithub/polymerelements/iron-media-query/2.1.0/iron-media-query-2.1.0.jar:/home/tonisrt/.m2/repository/com/vaadin/vaadin-date-time-picker-flow/14.5.3/vaadin-date-time-picker-flow-14.5.3.jar:/home/tonisrt/.m2/repository/org/webjars/bowergithub/vaadin/vaadin-date-time-picker/1.4.0/vaadin-date-time-picker-1.4.0.jar:/home/tonisrt/.m2/repository/org/webjars/bowergithub/vaadin/vaadin-time-picker/2.4.0/vaadin-time-picker-2.4.0.jar:/home/tonisrt/.m2/repository/com/vaadin/vaadin-details-flow/14.5.3/vaadin-details-flow-14.5.3.jar:/home/tonisrt/.m2/repository/org/webjars/bowergithub/vaadin/vaadin-details/1.2.0/vaadin-details-1.2.0.jar:/home/tonisrt/.m2/repository/com/vaadin/vaadin-time-picker-flow/14.5.3/vaadin-time-picker-flow-14.5.3.jar:/home/tonisrt/.m2/repository/com/vaadin/vaadin-select-flow/14.5.3/vaadin-select-flow-14.5.3.jar:/home/tonisrt/.m2/repository/org/webjars/bowergithub/vaadin/vaadin-select/2.4.0/vaadin-select-2.4.0.jar:/home/tonisrt/.m2/repository/com/vaadin/vaadin-dialog-flow/14.5.3/vaadin-dialog-flow-14.5.3.jar:/home/tonisrt/.m2/repository/org/webjars/bowergithub/vaadin/vaadin-dialog/2.5.2/vaadin-dialog-2.5.2.jar:/home/tonisrt/.m2/repository/com/vaadin/vaadin-form-layout-flow/14.5.3/vaadin-form-layout-flow-14.5.3.jar:/home/tonisrt/.m2/repository/org/webjars/bowergithub/vaadin/vaadin-form-layout/2.3.0/vaadin-form-layout-2.3.0.jar:/home/tonisrt/.m2/repository/com/vaadin/vaadin-grid-flow/14.5.3/vaadin-grid-flow-14.5.3.jar:/home/tonisrt/.m2/repository/org/webjars/bowergithub/vaadin/vaadin-grid/5.7.12/vaadin-grid-5.7.12.jar:/home/tonisrt/.m2/repository/org/apache/commons/commons-lang3/3.11/commons-lang3-3.11.jar:/home/tonisrt/.m2/repository/com/vaadin/vaadin-icons-flow/14.5.3/vaadin-icons-flow-14.5.3.jar:/home/tonisrt/.m2/repository/org/webjars/bowergithub/vaadin/vaadin-icons/4.3.2/vaadin-icons-4.3.2.jar:/home/tonisrt/.m2/repository/com/vaadin/vaadin-iron-list-flow/14.5.3/vaadin-iron-list-flow-14.5.3.jar:/home/tonisrt/.m2/repository/com/vaadin/vaadin-list-box-flow/14.5.3/vaadin-list-box-flow-14.5.3.jar:/home/tonisrt/.m2/repository/com/vaadin/vaadin-login-flow/14.5.3/vaadin-login-flow-14.5.3.jar:/home/tonisrt/.m2/repository/org/webjars/bowergithub/vaadin/vaadin-login/1.2.0/vaadin-login-1.2.0.jar:/home/tonisrt/.m2/repository/com/vaadin/vaadin-ordered-layout-flow/14.5.3/vaadin-ordered-layout-flow-14.5.3.jar:/home/tonisrt/.m2/repository/org/webjars/bowergithub/vaadin/vaadin-ordered-layout/1.4.0/vaadin-ordered-layout-1.4.0.jar:/home/tonisrt/.m2/repository/com/vaadin/vaadin-progress-bar-flow/14.5.3/vaadin-progress-bar-flow-14.5.3.jar:/home/tonisrt/.m2/repository/org/webjars/bowergithub/vaadin/vaadin-progress-bar/1.3.0/vaadin-progress-bar-1.3.0.jar:/home/tonisrt/.m2/repository/com/vaadin/vaadin-radio-button-flow/14.5.3/vaadin-radio-button-flow-14.5.3.jar:/home/tonisrt/.m2/repository/org/webjars/bowergithub/vaadin/vaadin-radio-button/1.5.1/vaadin-radio-button-1.5.1.jar:/home/tonisrt/.m2/repository/com/vaadin/vaadin-split-layout-flow/14.5.3/vaadin-split-layout-flow-14.5.3.jar:/home/tonisrt/.m2/repository/org/webjars/bowergithub/vaadin/vaadin-split-layout/4.3.0/vaadin-split-layout-4.3.0.jar:/home/tonisrt/.m2/repository/com/vaadin/vaadin-tabs-flow/14.5.3/vaadin-tabs-flow-14.5.3.jar:/home/tonisrt/.m2/repository/org/webjars/bowergithub/vaadin/vaadin-tabs/3.2.0/vaadin-tabs-3.2.0.jar:/home/tonisrt/.m2/repository/com/vaadin/vaadin-text-field-flow/14.5.3/vaadin-text-field-flow-14.5.3.jar:/home/tonisrt/.m2/repository/com/vaadin/vaadin-upload-flow/14.5.3/vaadin-upload-flow-14.5.3.jar:/home/tonisrt/.m2/repository/org/webjars/bowergithub/vaadin/vaadin-upload/4.4.1/vaadin-upload-4.4.1.jar:/home/tonisrt/.m2/repository/com/vaadin/vaadin-notification-flow/14.5.3/vaadin-notification-flow-14.5.3.jar:/home/tonisrt/.m2/repository/org/webjars/bowergithub/vaadin/vaadin-notification/1.6.1/vaadin-notification-1.6.1.jar:/home/tonisrt/.m2/repository/com/vaadin/vaadin-app-layout-flow/14.5.3/vaadin-app-layout-flow-14.5.3.jar:/home/tonisrt/.m2/repository/org/webjars/bowergithub/vaadin/vaadin-app-layout/2.2.0/vaadin-app-layout-2.2.0.jar:/home/tonisrt/.m2/repository/com/vaadin/vaadin-context-menu-flow/14.5.3/vaadin-context-menu-flow-14.5.3.jar:/home/tonisrt/.m2/repository/org/webjars/bowergithub/vaadin/vaadin-context-menu/4.5.0/vaadin-context-menu-4.5.0.jar:/home/tonisrt/.m2/repository/com/vaadin/vaadin-menu-bar-flow/14.5.3/vaadin-menu-bar-flow-14.5.3.jar:/home/tonisrt/.m2/repository/org/webjars/bowergithub/vaadin/vaadin-menu-bar/1.2.2/vaadin-menu-bar-1.2.2.jar:/home/tonisrt/.m2/repository/org/springframework/boot/spring-boot-devtools/2.4.5/spring-boot-devtools-2.4.5.jar:/home/tonisrt/.m2/repository/org/springframework/boot/spring-boot/2.4.5/spring-boot-2.4.5.jar:/home/tonisrt/.m2/repository/org/springframework/boot/spring-boot-autoconfigure/2.4.5/spring-boot-autoconfigure-2.4.5.jar:/home/tonisrt/.m2/repository/com/h2database/h2/1.4.200/h2-1.4.200.jar:/home/tonisrt/.m2/repository/org/projectlombok/lombok/1.18.20/lombok-1.18.20.jar:/home/tonisrt/.m2/repository/org/springframework/boot/spring-boot-starter-test/2.4.5/spring-boot-starter-test-2.4.5.jar:/home/tonisrt/.m2/repository/org/springframework/boot/spring-boot-test/2.4.5/spring-boot-test-2.4.5.jar:/home/tonisrt/.m2/repository/org/springframework/boot/spring-boot-test-autoconfigure/2.4.5/spring-boot-test-autoconfigure-2.4.5.jar:/home/tonisrt/.m2/repository/com/jayway/jsonpath/json-path/2.4.0/json-path-2.4.0.jar:/home/tonisrt/.m2/repository/net/minidev/json-smart/2.3/json-smart-2.3.jar:/home/tonisrt/.m2/repository/net/minidev/accessors-smart/1.2/accessors-smart-1.2.jar:/home/tonisrt/.m2/repository/org/ow2/asm/asm/5.0.4/asm-5.0.4.jar:/home/tonisrt/.m2/repository/jakarta/xml/bind/jakarta.xml.bind-api/2.3.3/jakarta.xml.bind-api-2.3.3.jar:/home/tonisrt/.m2/repository/jakarta/activation/jakarta.activation-api/1.2.2/jakarta.activation-api-1.2.2.jar:/home/tonisrt/.m2/repository/org/assertj/assertj-core/3.18.1/assertj-core-3.18.1.jar:/home/tonisrt/.m2/repository/org/hamcrest/hamcrest/2.2/hamcrest-2.2.jar:/home/tonisrt/.m2/repository/org/junit/jupiter/junit-jupiter/5.7.1/junit-jupiter-5.7.1.jar:/home/tonisrt/.m2/repository/org/junit/jupiter/junit-jupiter-api/5.7.1/junit-jupiter-api-5.7.1.jar:/home/tonisrt/.m2/repository/org/apiguardian/apiguardian-api/1.1.0/apiguardian-api-1.1.0.jar:/home/tonisrt/.m2/repository/org/opentest4j/opentest4j/1.2.0/opentest4j-1.2.0.jar:/home/tonisrt/.m2/repository/org/junit/platform/junit-platform-commons/1.7.1/junit-platform-commons-1.7.1.jar:/home/tonisrt/.m2/repository/org/junit/jupiter/junit-jupiter-params/5.7.1/junit-jupiter-params-5.7.1.jar:/home/tonisrt/.m2/repository/org/junit/jupiter/junit-jupiter-engine/5.7.1/junit-jupiter-engine-5.7.1.jar:/home/tonisrt/.m2/repository/org/junit/platform/junit-platform-engine/1.7.1/junit-platform-engine-1.7.1.jar:/home/tonisrt/.m2/repository/org/mockito/mockito-core/3.6.28/mockito-core-3.6.28.jar:/home/tonisrt/.m2/repository/net/bytebuddy/byte-buddy-agent/1.10.22/byte-buddy-agent-1.10.22.jar:/home/tonisrt/.m2/repository/org/objenesis/objenesis/3.1/objenesis-3.1.jar:/home/tonisrt/.m2/repository/org/mockito/mockito-junit-jupiter/3.6.28/mockito-junit-jupiter-3.6.28.jar:/home/tonisrt/.m2/repository/org/skyscreamer/jsonassert/1.5.0/jsonassert-1.5.0.jar:/home/tonisrt/.m2/repository/com/vaadin/external/google/android-json/0.0.20131108.vaadin1/android-json-0.0.20131108.vaadin1.jar:/home/tonisrt/.m2/repository/org/springframework/spring-core/5.3.6/spring-core-5.3.6.jar:/home/tonisrt/.m2/repository/org/springframework/spring-jcl/5.3.6/spring-jcl-5.3.6.jar:/home/tonisrt/.m2/repository/org/springframework/spring-test/5.3.6/spring-test-5.3.6.jar:/home/tonisrt/.m2/repository/org/xmlunit/xmlunit-core/2.7.0/xmlunit-core-2.7.0.jar:/home/tonisrt/.m2/repository/org/springframework/security/spring-security-test/5.4.6/spring-security-test-5.4.6.jar:/home/tonisrt/.m2/repository/org/springframework/security/spring-security-core/5.4.6/spring-security-core-5.4.6.jar:"/>
    <property name="java.vm.vendor" value="Oracle Corporation"/>
    <property name="sun.arch.data.model" value="64"/>
    <property name="java.vendor.url" value="https://java.oracle.com/"/>
    <property name="os.name" value="Linux"/>
    <property name="java.vm.specification.version" value="15"/>
    <property name="sun.java.launcher" value="SUN_STANDARD"/>
    <property name="user.country" value="US"/>
    <property name="sun.boot.library.path" value="/opt/STS/plugins/org.eclipse.justj.openjdk.hotspot.jre.full.linux.x86_64_15.0.1.v20201027-0507/jre/lib"/>
    <property name="sun.java.command" value="/home/tonisrt/Documents/WorkSpace/InscipcionMaterias/target/surefire/surefirebooter8584161099580489928.jar /home/tonisrt/Documents/WorkSpace/InscipcionMaterias/target/surefire 2021-04-27T17-17-37_191-jvmRun1 surefire13465608510733477073tmp surefire_0874970085791045443tmp"/>
    <property name="jdk.debug" value="release"/>
    <property name="surefire.test.class.path" value="/home/tonisrt/Documents/WorkSpace/InscipcionMaterias/target/test-classes:/home/tonisrt/Documents/WorkSpace/InscipcionMaterias/target/classes:/home/tonisrt/.m2/repository/mysql/mysql-connector-java/8.0.23/mysql-connector-java-8.0.23.jar:/home/tonisrt/.m2/repository/org/springframework/boot/spring-boot-starter-data-jpa/2.4.5/spring-boot-starter-data-jpa-2.4.5.jar:/home/tonisrt/.m2/repository/org/springframework/boot/spring-boot-starter-aop/2.4.5/spring-boot-starter-aop-2.4.5.jar:/home/tonisrt/.m2/repository/org/aspectj/aspectjweaver/1.9.6/aspectjweaver-1.9.6.jar:/home/tonisrt/.m2/repository/org/springframework/boot/spring-boot-starter-jdbc/2.4.5/spring-boot-starter-jdbc-2.4.5.jar:/home/tonisrt/.m2/repository/com/zaxxer/HikariCP/3.4.5/HikariCP-3.4.5.jar:/home/tonisrt/.m2/repository/org/springframework/spring-jdbc/5.3.6/spring-jdbc-5.3.6.jar:/home/tonisrt/.m2/repository/jakarta/transaction/jakarta.transaction-api/1.3.3/jakarta.transaction-api-1.3.3.jar:/home/tonisrt/.m2/repository/jakarta/persistence/jakarta.persistence-api/2.2.3/jakarta.persistence-api-2.2.3.jar:/home/tonisrt/.m2/repository/org/hibernate/hibernate-core/5.4.30.Final/hibernate-core-5.4.30.Final.jar:/home/tonisrt/.m2/repository/org/jboss/logging/jboss-logging/3.4.1.Final/jboss-logging-3.4.1.Final.jar:/home/tonisrt/.m2/repository/org/javassist/javassist/3.27.0-GA/javassist-3.27.0-GA.jar:/home/tonisrt/.m2/repository/net/bytebuddy/byte-buddy/1.10.22/byte-buddy-1.10.22.jar:/home/tonisrt/.m2/repository/antlr/antlr/2.7.7/antlr-2.7.7.jar:/home/tonisrt/.m2/repository/org/jboss/jandex/2.2.3.Final/jandex-2.2.3.Final.jar:/home/tonisrt/.m2/repository/com/fasterxml/classmate/1.5.1/classmate-1.5.1.jar:/home/tonisrt/.m2/repository/org/dom4j/dom4j/2.1.3/dom4j-2.1.3.jar:/home/tonisrt/.m2/repository/org/hibernate/common/hibernate-commons-annotations/5.1.2.Final/hibernate-commons-annotations-5.1.2.Final.jar:/home/tonisrt/.m2/repository/org/glassfish/jaxb/jaxb-runtime/2.3.4/jaxb-runtime-2.3.4.jar:/home/tonisrt/.m2/repository/org/glassfish/jaxb/txw2/2.3.4/txw2-2.3.4.jar:/home/tonisrt/.m2/repository/com/sun/istack/istack-commons-runtime/3.0.12/istack-commons-runtime-3.0.12.jar:/home/tonisrt/.m2/repository/com/sun/activation/jakarta.activation/1.2.2/jakarta.activation-1.2.2.jar:/home/tonisrt/.m2/repository/org/springframework/data/spring-data-jpa/2.4.8/spring-data-jpa-2.4.8.jar:/home/tonisrt/.m2/repository/org/springframework/data/spring-data-commons/2.4.8/spring-data-commons-2.4.8.jar:/home/tonisrt/.m2/repository/org/springframework/spring-orm/5.3.6/spring-orm-5.3.6.jar:/home/tonisrt/.m2/repository/org/springframework/spring-context/5.3.6/spring-context-5.3.6.jar:/home/tonisrt/.m2/repository/org/springframework/spring-tx/5.3.6/spring-tx-5.3.6.jar:/home/tonisrt/.m2/repository/org/springframework/spring-beans/5.3.6/spring-beans-5.3.6.jar:/home/tonisrt/.m2/repository/org/slf4j/slf4j-api/1.7.30/slf4j-api-1.7.30.jar:/home/tonisrt/.m2/repository/org/springframework/spring-aspects/5.3.6/spring-aspects-5.3.6.jar:/home/tonisrt/.m2/repository/org/springframework/boot/spring-boot-starter-security/2.4.5/spring-boot-starter-security-2.4.5.jar:/home/tonisrt/.m2/repository/org/springframework/boot/spring-boot-starter/2.4.5/spring-boot-starter-2.4.5.jar:/home/tonisrt/.m2/repository/org/springframework/boot/spring-boot-starter-logging/2.4.5/spring-boot-starter-logging-2.4.5.jar:/home/tonisrt/.m2/repository/ch/qos/logback/logback-classic/1.2.3/logback-classic-1.2.3.jar:/home/tonisrt/.m2/repository/ch/qos/logback/logback-core/1.2.3/logback-core-1.2.3.jar:/home/tonisrt/.m2/repository/org/apache/logging/log4j/log4j-to-slf4j/2.13.3/log4j-to-slf4j-2.13.3.jar:/home/tonisrt/.m2/repository/org/apache/logging/log4j/log4j-api/2.13.3/log4j-api-2.13.3.jar:/home/tonisrt/.m2/repository/org/slf4j/jul-to-slf4j/1.7.30/jul-to-slf4j-1.7.30.jar:/home/tonisrt/.m2/repository/jakarta/annotation/jakarta.annotation-api/1.3.5/jakarta.annotation-api-1.3.5.jar:/home/tonisrt/.m2/repository/org/yaml/snakeyaml/1.27/snakeyaml-1.27.jar:/home/tonisrt/.m2/repository/org/springframework/spring-aop/5.3.6/spring-aop-5.3.6.jar:/home/tonisrt/.m2/repository/org/springframework/security/spring-security-config/5.4.6/spring-security-config-5.4.6.jar:/home/tonisrt/.m2/repository/org/springframework/security/spring-security-web/5.4.6/spring-security-web-5.4.6.jar:/home/tonisrt/.m2/repository/org/springframework/spring-expression/5.3.6/spring-expression-5.3.6.jar:/home/tonisrt/.m2/repository/org/springframework/boot/spring-boot-starter-web/2.4.5/spring-boot-starter-web-2.4.5.jar:/home/tonisrt/.m2/repository/org/springframework/boot/spring-boot-starter-json/2.4.5/spring-boot-starter-json-2.4.5.jar:/home/tonisrt/.m2/repository/com/fasterxml/jackson/core/jackson-databind/2.11.4/jackson-databind-2.11.4.jar:/home/tonisrt/.m2/repository/com/fasterxml/jackson/core/jackson-annotations/2.11.4/jackson-annotations-2.11.4.jar:/home/tonisrt/.m2/repository/com/fasterxml/jackson/core/jackson-core/2.11.4/jackson-core-2.11.4.jar:/home/tonisrt/.m2/repository/com/fasterxml/jackson/datatype/jackson-datatype-jdk8/2.11.4/jackson-datatype-jdk8-2.11.4.jar:/home/tonisrt/.m2/repository/com/fasterxml/jackson/datatype/jackson-datatype-jsr310/2.11.4/jackson-datatype-jsr310-2.11.4.jar:/home/tonisrt/.m2/repository/com/fasterxml/jackson/module/jackson-module-parameter-names/2.11.4/jackson-module-parameter-names-2.11.4.jar:/home/tonisrt/.m2/repository/org/springframework/boot/spring-boot-starter-tomcat/2.4.5/spring-boot-starter-tomcat-2.4.5.jar:/home/tonisrt/.m2/repository/org/apache/tomcat/embed/tomcat-embed-core/9.0.45/tomcat-embed-core-9.0.45.jar:/home/tonisrt/.m2/repository/org/glassfish/jakarta.el/3.0.3/jakarta.el-3.0.3.jar:/home/tonisrt/.m2/repository/org/apache/tomcat/embed/tomcat-embed-websocket/9.0.45/tomcat-embed-websocket-9.0.45.jar:/home/tonisrt/.m2/repository/org/springframework/spring-web/5.3.6/spring-web-5.3.6.jar:/home/tonisrt/.m2/repository/org/springframework/spring-webmvc/5.3.6/spring-webmvc-5.3.6.jar:/home/tonisrt/.m2/repository/com/vaadin/vaadin-spring-boot-starter/14.5.3/vaadin-spring-boot-starter-14.5.3.jar:/home/tonisrt/.m2/repository/com/vaadin/vaadin-spring/12.3.3/vaadin-spring-12.3.3.jar:/home/tonisrt/.m2/repository/com/vaadin/flow-server/2.5.3/flow-server-2.5.3.jar:/home/tonisrt/.m2/repository/com/vaadin/external/gwt/gwt-elemental/2.8.2.vaadin2/gwt-elemental-2.8.2.vaadin2.jar:/home/tonisrt/.m2/repository/commons-fileupload/commons-fileupload/1.3.3/commons-fileupload-1.3.3.jar:/home/tonisrt/.m2/repository/commons-io/commons-io/2.5/commons-io-2.5.jar:/home/tonisrt/.m2/repository/org/jsoup/jsoup/1.12.1/jsoup-1.12.1.jar:/home/tonisrt/.m2/repository/com/helger/ph-css/6.1.1/ph-css-6.1.1.jar:/home/tonisrt/.m2/repository/com/helger/ph-commons/9.1.2/ph-commons-9.1.2.jar:/home/tonisrt/.m2/repository/com/vaadin/external/gentyref/1.2.0.vaadin1/gentyref-1.2.0.vaadin1.jar:/home/tonisrt/.m2/repository/org/apache/commons/commons-compress/1.19/commons-compress-1.19.jar:/home/tonisrt/.m2/repository/org/apache/httpcomponents/httpclient/4.5.13/httpclient-4.5.13.jar:/home/tonisrt/.m2/repository/org/apache/httpcomponents/httpcore/4.4.14/httpcore-4.4.14.jar:/home/tonisrt/.m2/repository/commons-codec/commons-codec/1.15/commons-codec-1.15.jar:/home/tonisrt/.m2/repository/com/vaadin/flow-push/2.5.3/flow-push-2.5.3.jar:/home/tonisrt/.m2/repository/com/vaadin/external/atmosphere/atmosphere-runtime/2.4.30.slf4jvaadin1/atmosphere-runtime-2.4.30.slf4jvaadin1.jar:/home/tonisrt/.m2/repository/com/vaadin/flow-client/2.5.3/flow-client-2.5.3.jar:/home/tonisrt/.m2/repository/org/springframework/spring-websocket/5.3.6/spring-websocket-5.3.6.jar:/home/tonisrt/.m2/repository/com/vaadin/vaadin-core/14.5.3/vaadin-core-14.5.3.jar:/home/tonisrt/.m2/repository/com/vaadin/flow-lit-template/2.5.3/flow-lit-template-2.5.3.jar:/home/tonisrt/.m2/repository/com/vaadin/flow-html-components/2.5.3/flow-html-components-2.5.3.jar:/home/tonisrt/.m2/repository/com/vaadin/flow-data/2.5.3/flow-data-2.5.3.jar:/home/tonisrt/.m2/repository/javax/validation/validation-api/2.0.1.Final/validation-api-2.0.1.Final.jar:/home/tonisrt/.m2/repository/com/vaadin/flow-dnd/2.5.3/flow-dnd-2.5.3.jar:/home/tonisrt/.m2/repository/org/webjars/npm/vaadin__vaadin-mobile-drag-drop/1.0.0/vaadin__vaadin-mobile-drag-drop-1.0.0.jar:/home/tonisrt/.m2/repository/org/webjars/npm/mobile-drag-drop/2.3.0-rc.1/mobile-drag-drop-2.3.0-rc.1.jar:/home/tonisrt/.m2/repository/com/vaadin/vaadin-lumo-theme/2.5.3/vaadin-lumo-theme-2.5.3.jar:/home/tonisrt/.m2/repository/org/webjars/bowergithub/vaadin/vaadin-lumo-styles/1.6.1/vaadin-lumo-styles-1.6.1.jar:/home/tonisrt/.m2/repository/org/webjars/bowergithub/polymerelements/iron-icon/2.1.0/iron-icon-2.1.0.jar:/home/tonisrt/.m2/repository/org/webjars/bowergithub/polymerelements/iron-meta/2.1.1/iron-meta-2.1.1.jar:/home/tonisrt/.m2/repository/org/webjars/bowergithub/polymerelements/iron-iconset-svg/2.2.1/iron-iconset-svg-2.2.1.jar:/home/tonisrt/.m2/repository/org/webjars/bowergithub/polymerelements/iron-flex-layout/2.0.3/iron-flex-layout-2.0.3.jar:/home/tonisrt/.m2/repository/org/webjars/bowergithub/polymer/polymer/2.7.0/polymer-2.7.0.jar:/home/tonisrt/.m2/repository/org/webjars/bowergithub/webcomponents/shadycss/1.8.0/shadycss-1.8.0.jar:/home/tonisrt/.m2/repository/com/vaadin/vaadin-material-theme/2.5.3/vaadin-material-theme-2.5.3.jar:/home/tonisrt/.m2/repository/org/webjars/bowergithub/vaadin/vaadin-material-styles/1.3.2/vaadin-material-styles-1.3.2.jar:/home/tonisrt/.m2/repository/com/vaadin/vaadin-accordion-flow/14.5.3/vaadin-accordion-flow-14.5.3.jar:/home/tonisrt/.m2/repository/org/webjars/bowergithub/vaadin/vaadin-accordion/1.2.0/vaadin-accordion-1.2.0.jar:/home/tonisrt/.m2/repository/org/webjars/bowergithub/vaadin/vaadin-themable-mixin/1.6.2/vaadin-themable-mixin-1.6.2.jar:/home/tonisrt/.m2/repository/org/webjars/bowergithub/webcomponents/webcomponentsjs/1.2.6/webcomponentsjs-1.2.6.jar:/home/tonisrt/.m2/repository/org/webjars/bowergithub/vaadin/vaadin-element-mixin/2.4.2/vaadin-element-mixin-2.4.2.jar:/home/tonisrt/.m2/repository/org/webjars/bowergithub/vaadin/vaadin-usage-statistics/2.1.0/vaadin-usage-statistics-2.1.0.jar:/home/tonisrt/.m2/repository/org/webjars/bowergithub/vaadin/vaadin-development-mode-detector/2.0.4/vaadin-development-mode-detector-2.0.4.jar:/home/tonisrt/.m2/repository/com/vaadin/vaadin-avatar-flow/14.5.3/vaadin-avatar-flow-14.5.3.jar:/home/tonisrt/.m2/repository/org/webjars/bowergithub/vaadin/vaadin-avatar/1.0.4/vaadin-avatar-1.0.4.jar:/home/tonisrt/.m2/repository/org/webjars/bowergithub/polymerelements/iron-a11y-announcer/2.1.0/iron-a11y-announcer-2.1.0.jar:/home/tonisrt/.m2/repository/org/webjars/bowergithub/polymerelements/iron-resizable-behavior/2.1.1/iron-resizable-behavior-2.1.1.jar:/home/tonisrt/.m2/repository/org/webjars/bowergithub/vaadin/vaadin-list-box/1.4.0/vaadin-list-box-1.4.0.jar:/home/tonisrt/.m2/repository/org/webjars/bowergithub/vaadin/vaadin-list-mixin/2.5.1/vaadin-list-mixin-2.5.1.jar:/home/tonisrt/.m2/repository/org/webjars/bowergithub/vaadin/vaadin-item/2.3.0/vaadin-item-2.3.0.jar:/home/tonisrt/.m2/repository/org/webjars/bowergithub/vaadin/vaadin-overlay/3.5.1/vaadin-overlay-3.5.1.jar:/home/tonisrt/.m2/repository/org/webjars/bowergithub/vaadin/vaadin-control-state-mixin/2.2.4/vaadin-control-state-mixin-2.2.4.jar:/home/tonisrt/.m2/repository/com/vaadin/vaadin-button-flow/14.5.3/vaadin-button-flow-14.5.3.jar:/home/tonisrt/.m2/repository/org/webjars/bowergithub/vaadin/vaadin-button/2.4.0/vaadin-button-2.4.0.jar:/home/tonisrt/.m2/repository/com/vaadin/vaadin-checkbox-flow/14.5.3/vaadin-checkbox-flow-14.5.3.jar:/home/tonisrt/.m2/repository/org/webjars/bowergithub/vaadin/vaadin-checkbox/2.5.0/vaadin-checkbox-2.5.0.jar:/home/tonisrt/.m2/repository/com/vaadin/vaadin-combo-box-flow/14.5.3/vaadin-combo-box-flow-14.5.3.jar:/home/tonisrt/.m2/repository/org/webjars/bowergithub/vaadin/vaadin-combo-box/5.4.7/vaadin-combo-box-5.4.7.jar:/home/tonisrt/.m2/repository/org/webjars/bowergithub/vaadin/vaadin-text-field/2.8.4/vaadin-text-field-2.8.4.jar:/home/tonisrt/.m2/repository/org/webjars/bowergithub/polymerelements/iron-list/2.0.20/iron-list-2.0.20.jar:/home/tonisrt/.m2/repository/org/webjars/bowergithub/polymerelements/iron-scroll-target-behavior/2.1.1/iron-scroll-target-behavior-2.1.1.jar:/home/tonisrt/.m2/repository/org/webjars/bowergithub/polymerelements/iron-a11y-keys-behavior/2.1.1/iron-a11y-keys-behavior-2.1.1.jar:/home/tonisrt/.m2/repository/org/webjars/bowergithub/polymerelements/iron-overlay-behavior/2.3.4/iron-overlay-behavior-2.3.4.jar:/home/tonisrt/.m2/repository/org/webjars/bowergithub/polymerelements/iron-fit-behavior/2.2.1/iron-fit-behavior-2.2.1.jar:/home/tonisrt/.m2/repository/com/vaadin/vaadin-custom-field-flow/14.5.3/vaadin-custom-field-flow-14.5.3.jar:/home/tonisrt/.m2/repository/org/webjars/bowergithub/vaadin/vaadin-custom-field/1.3.0/vaadin-custom-field-1.3.0.jar:/home/tonisrt/.m2/repository/com/vaadin/vaadin-date-picker-flow/14.5.3/vaadin-date-picker-flow-14.5.3.jar:/home/tonisrt/.m2/repository/org/webjars/bowergithub/vaadin/vaadin-date-picker/4.4.1/vaadin-date-picker-4.4.1.jar:/home/tonisrt/.m2/repository/org/webjars/bowergithub/polymerelements/iron-media-query/2.1.0/iron-media-query-2.1.0.jar:/home/tonisrt/.m2/repository/com/vaadin/vaadin-date-time-picker-flow/14.5.3/vaadin-date-time-picker-flow-14.5.3.jar:/home/tonisrt/.m2/repository/org/webjars/bowergithub/vaadin/vaadin-date-time-picker/1.4.0/vaadin-date-time-picker-1.4.0.jar:/home/tonisrt/.m2/repository/org/webjars/bowergithub/vaadin/vaadin-time-picker/2.4.0/vaadin-time-picker-2.4.0.jar:/home/tonisrt/.m2/repository/com/vaadin/vaadin-details-flow/14.5.3/vaadin-details-flow-14.5.3.jar:/home/tonisrt/.m2/repository/org/webjars/bowergithub/vaadin/vaadin-details/1.2.0/vaadin-details-1.2.0.jar:/home/tonisrt/.m2/repository/com/vaadin/vaadin-time-picker-flow/14.5.3/vaadin-time-picker-flow-14.5.3.jar:/home/tonisrt/.m2/repository/com/vaadin/vaadin-select-flow/14.5.3/vaadin-select-flow-14.5.3.jar:/home/tonisrt/.m2/repository/org/webjars/bowergithub/vaadin/vaadin-select/2.4.0/vaadin-select-2.4.0.jar:/home/tonisrt/.m2/repository/com/vaadin/vaadin-dialog-flow/14.5.3/vaadin-dialog-flow-14.5.3.jar:/home/tonisrt/.m2/repository/org/webjars/bowergithub/vaadin/vaadin-dialog/2.5.2/vaadin-dialog-2.5.2.jar:/home/tonisrt/.m2/repository/com/vaadin/vaadin-form-layout-flow/14.5.3/vaadin-form-layout-flow-14.5.3.jar:/home/tonisrt/.m2/repository/org/webjars/bowergithub/vaadin/vaadin-form-layout/2.3.0/vaadin-form-layout-2.3.0.jar:/home/tonisrt/.m2/repository/com/vaadin/vaadin-grid-flow/14.5.3/vaadin-grid-flow-14.5.3.jar:/home/tonisrt/.m2/repository/org/webjars/bowergithub/vaadin/vaadin-grid/5.7.12/vaadin-grid-5.7.12.jar:/home/tonisrt/.m2/repository/org/apache/commons/commons-lang3/3.11/commons-lang3-3.11.jar:/home/tonisrt/.m2/repository/com/vaadin/vaadin-icons-flow/14.5.3/vaadin-icons-flow-14.5.3.jar:/home/tonisrt/.m2/repository/org/webjars/bowergithub/vaadin/vaadin-icons/4.3.2/vaadin-icons-4.3.2.jar:/home/tonisrt/.m2/repository/com/vaadin/vaadin-iron-list-flow/14.5.3/vaadin-iron-list-flow-14.5.3.jar:/home/tonisrt/.m2/repository/com/vaadin/vaadin-list-box-flow/14.5.3/vaadin-list-box-flow-14.5.3.jar:/home/tonisrt/.m2/repository/com/vaadin/vaadin-login-flow/14.5.3/vaadin-login-flow-14.5.3.jar:/home/tonisrt/.m2/repository/org/webjars/bowergithub/vaadin/vaadin-login/1.2.0/vaadin-login-1.2.0.jar:/home/tonisrt/.m2/repository/com/vaadin/vaadin-ordered-layout-flow/14.5.3/vaadin-ordered-layout-flow-14.5.3.jar:/home/tonisrt/.m2/repository/org/webjars/bowergithub/vaadin/vaadin-ordered-layout/1.4.0/vaadin-ordered-layout-1.4.0.jar:/home/tonisrt/.m2/repository/com/vaadin/vaadin-progress-bar-flow/14.5.3/vaadin-progress-bar-flow-14.5.3.jar:/home/tonisrt/.m2/repository/org/webjars/bowergithub/vaadin/vaadin-progress-bar/1.3.0/vaadin-progress-bar-1.3.0.jar:/home/tonisrt/.m2/repository/com/vaadin/vaadin-radio-button-flow/14.5.3/vaadin-radio-button-flow-14.5.3.jar:/home/tonisrt/.m2/repository/org/webjars/bowergithub/vaadin/vaadin-radio-button/1.5.1/vaadin-radio-button-1.5.1.jar:/home/tonisrt/.m2/repository/com/vaadin/vaadin-split-layout-flow/14.5.3/vaadin-split-layout-flow-14.5.3.jar:/home/tonisrt/.m2/repository/org/webjars/bowergithub/vaadin/vaadin-split-layout/4.3.0/vaadin-split-layout-4.3.0.jar:/home/tonisrt/.m2/repository/com/vaadin/vaadin-tabs-flow/14.5.3/vaadin-tabs-flow-14.5.3.jar:/home/tonisrt/.m2/repository/org/webjars/bowergithub/vaadin/vaadin-tabs/3.2.0/vaadin-tabs-3.2.0.jar:/home/tonisrt/.m2/repository/com/vaadin/vaadin-text-field-flow/14.5.3/vaadin-text-field-flow-14.5.3.jar:/home/tonisrt/.m2/repository/com/vaadin/vaadin-upload-flow/14.5.3/vaadin-upload-flow-14.5.3.jar:/home/tonisrt/.m2/repository/org/webjars/bowergithub/vaadin/vaadin-upload/4.4.1/vaadin-upload-4.4.1.jar:/home/tonisrt/.m2/repository/com/vaadin/vaadin-notification-flow/14.5.3/vaadin-notification-flow-14.5.3.jar:/home/tonisrt/.m2/repository/org/webjars/bowergithub/vaadin/vaadin-notification/1.6.1/vaadin-notification-1.6.1.jar:/home/tonisrt/.m2/repository/com/vaadin/vaadin-app-layout-flow/14.5.3/vaadin-app-layout-flow-14.5.3.jar:/home/tonisrt/.m2/repository/org/webjars/bowergithub/vaadin/vaadin-app-layout/2.2.0/vaadin-app-layout-2.2.0.jar:/home/tonisrt/.m2/repository/com/vaadin/vaadin-context-menu-flow/14.5.3/vaadin-context-menu-flow-14.5.3.jar:/home/tonisrt/.m2/repository/org/webjars/bowergithub/vaadin/vaadin-context-menu/4.5.0/vaadin-context-menu-4.5.0.jar:/home/tonisrt/.m2/repository/com/vaadin/vaadin-menu-bar-flow/14.5.3/vaadin-menu-bar-flow-14.5.3.jar:/home/tonisrt/.m2/repository/org/webjars/bowergithub/vaadin/vaadin-menu-bar/1.2.2/vaadin-menu-bar-1.2.2.jar:/home/tonisrt/.m2/repository/org/springframework/boot/spring-boot-devtools/2.4.5/spring-boot-devtools-2.4.5.jar:/home/tonisrt/.m2/repository/org/springframework/boot/spring-boot/2.4.5/spring-boot-2.4.5.jar:/home/tonisrt/.m2/repository/org/springframework/boot/spring-boot-autoconfigure/2.4.5/spring-boot-autoconfigure-2.4.5.jar:/home/tonisrt/.m2/repository/com/h2database/h2/1.4.200/h2-1.4.200.jar:/home/tonisrt/.m2/repository/org/projectlombok/lombok/1.18.20/lombok-1.18.20.jar:/home/tonisrt/.m2/repository/org/springframework/boot/spring-boot-starter-test/2.4.5/spring-boot-starter-test-2.4.5.jar:/home/tonisrt/.m2/repository/org/springframework/boot/spring-boot-test/2.4.5/spring-boot-test-2.4.5.jar:/home/tonisrt/.m2/repository/org/springframework/boot/spring-boot-test-autoconfigure/2.4.5/spring-boot-test-autoconfigure-2.4.5.jar:/home/tonisrt/.m2/repository/com/jayway/jsonpath/json-path/2.4.0/json-path-2.4.0.jar:/home/tonisrt/.m2/repository/net/minidev/json-smart/2.3/json-smart-2.3.jar:/home/tonisrt/.m2/repository/net/minidev/accessors-smart/1.2/accessors-smart-1.2.jar:/home/tonisrt/.m2/repository/org/ow2/asm/asm/5.0.4/asm-5.0.4.jar:/home/tonisrt/.m2/repository/jakarta/xml/bind/jakarta.xml.bind-api/2.3.3/jakarta.xml.bind-api-2.3.3.jar:/home/tonisrt/.m2/repository/jakarta/activation/jakarta.activation-api/1.2.2/jakarta.activation-api-1.2.2.jar:/home/tonisrt/.m2/repository/org/assertj/assertj-core/3.18.1/assertj-core-3.18.1.jar:/home/tonisrt/.m2/repository/org/hamcrest/hamcrest/2.2/hamcrest-2.2.jar:/home/tonisrt/.m2/repository/org/junit/jupiter/junit-jupiter/5.7.1/junit-jupiter-5.7.1.jar:/home/tonisrt/.m2/repository/org/junit/jupiter/junit-jupiter-api/5.7.1/junit-jupiter-api-5.7.1.jar:/home/tonisrt/.m2/repository/org/apiguardian/apiguardian-api/1.1.0/apiguardian-api-1.1.0.jar:/home/tonisrt/.m2/repository/org/opentest4j/opentest4j/1.2.0/opentest4j-1.2.0.jar:/home/tonisrt/.m2/repository/org/junit/platform/junit-platform-commons/1.7.1/junit-platform-commons-1.7.1.jar:/home/tonisrt/.m2/repository/org/junit/jupiter/junit-jupiter-params/5.7.1/junit-jupiter-params-5.7.1.jar:/home/tonisrt/.m2/repository/org/junit/jupiter/junit-jupiter-engine/5.7.1/junit-jupiter-engine-5.7.1.jar:/home/tonisrt/.m2/repository/org/junit/platform/junit-platform-engine/1.7.1/junit-platform-engine-1.7.1.jar:/home/tonisrt/.m2/repository/org/mockito/mockito-core/3.6.28/mockito-core-3.6.28.jar:/home/tonisrt/.m2/repository/net/bytebuddy/byte-buddy-agent/1.10.22/byte-buddy-agent-1.10.22.jar:/home/tonisrt/.m2/repository/org/objenesis/objenesis/3.1/objenesis-3.1.jar:/home/tonisrt/.m2/repository/org/mockito/mockito-junit-jupiter/3.6.28/mockito-junit-jupiter-3.6.28.jar:/home/tonisrt/.m2/repository/org/skyscreamer/jsonassert/1.5.0/jsonassert-1.5.0.jar:/home/tonisrt/.m2/repository/com/vaadin/external/google/android-json/0.0.20131108.vaadin1/android-json-0.0.20131108.vaadin1.jar:/home/tonisrt/.m2/repository/org/springframework/spring-core/5.3.6/spring-core-5.3.6.jar:/home/tonisrt/.m2/repository/org/springframework/spring-jcl/5.3.6/spring-jcl-5.3.6.jar:/home/tonisrt/.m2/repository/org/springframework/spring-test/5.3.6/spring-test-5.3.6.jar:/home/tonisrt/.m2/repository/org/xmlunit/xmlunit-core/2.7.0/xmlunit-core-2.7.0.jar:/home/tonisrt/.m2/repository/org/springframework/security/spring-security-test/5.4.6/spring-security-test-5.4.6.jar:/home/tonisrt/.m2/repository/org/springframework/security/spring-security-core/5.4.6/spring-security-core-5.4.6.jar:"/>
    <property name="sun.cpu.endian" value="little"/>
    <property name="user.home" value="/home/tonisrt"/>
    <property name="user.language" value="en"/>
    <property name="java.specification.vendor" value="Oracle Corporation"/>
    <property name="java.version.date" value="2020-10-20"/>
    <property name="java.home" value="/opt/STS/plugins/org.eclipse.justj.openjdk.hotspot.jre.full.linux.x86_64_15.0.1.v20201027-0507/jre"/>
    <property name="file.separator" value="/"/>
    <property name="style.color" value="always"/>
    <property name="basedir" value="/home/tonisrt/Documents/WorkSpace/InscipcionMaterias"/>
    <property name="java.vm.compressedOopsMode" value="32-bit"/>
    <property name="line.separator" value="&#10;"/>
    <property name="java.vm.specification.vendor" value="Oracle Corporation"/>
    <property name="java.specification.name" value="Java Platform API Specification"/>
    <property name="surefire.real.class.path" value="/home/tonisrt/Documents/WorkSpace/InscipcionMaterias/target/surefire/surefirebooter8584161099580489928.jar"/>
    <property name="sun.management.compiler" value="HotSpot 64-Bit Tiered Compilers"/>
    <property name="java.runtime.version" value="15.0.1+9-18"/>
    <property name="user.name" value="tonisrt"/>
    <property name="path.separator" value=":"/>
    <property name="os.version" value="5.8.0-44-generic"/>
    <property name="java.runtime.name" value="OpenJDK Runtime Environment"/>
    <property name="file.encoding" value="UTF-8"/>
    <property name="java.vm.name" value="OpenJDK 64-Bit Server VM"/>
    <property name="localRepository" value="/home/tonisrt/.m2/repository"/>
    <property name="java.vendor.url.bug" value="https://bugreport.java.com/bugreport/"/>
    <property name="java.io.tmpdir" value="/tmp"/>
    <property name="java.version" value="15.0.1"/>
    <property name="user.dir" value="/home/tonisrt/Documents/WorkSpace/InscipcionMaterias"/>
    <property name="os.arch" value="amd64"/>
    <property name="java.vm.specification.name" value="Java Virtual Machine Specification"/>
    <property name="java.library.path" value="/usr/java/packages/lib:/usr/lib64:/lib64:/lib:/usr/lib"/>
    <property name="java.vm.info" value="mixed mode"/>
    <property name="java.vendor" value="Oracle Corporation"/>
    <property name="java.vm.version" value="15.0.1+9-18"/>
    <property name="sun.io.unicode.encoding" value="UnicodeLittle"/>
    <property name="java.class.version" value="59.0"/>
  </properties>
  <testcase name="InscripcionMaterias.ApplicationTests" classname="InscripcionMaterias.ApplicationTests" time="0.261">
    <error message="Unable to find a @SpringBootConfiguration, you need to use @ContextConfiguration or @SpringBootTest(classes=...) with your test" type="java.lang.IllegalStateException">java.lang.IllegalStateException: Unable to find a @SpringBootConfiguration, you need to use @ContextConfiguration or @SpringBootTest(classes=...) with your test
</error>
    <system-out><![CDATA[17:17:43.779 [main] DEBUG org.springframework.test.context.BootstrapUtils - Instantiating CacheAwareContextLoaderDelegate from class [org.springframework.test.context.cache.DefaultCacheAwareContextLoaderDelegate]
17:17:43.794 [main] DEBUG org.springframework.test.context.BootstrapUtils - Instantiating BootstrapContext using constructor [public org.springframework.test.context.support.DefaultBootstrapContext(java.lang.Class,org.springframework.test.context.CacheAwareContextLoaderDelegate)]
17:17:43.840 [main] DEBUG org.springframework.test.context.BootstrapUtils - Instantiating TestContextBootstrapper for test class [InscripcionMaterias.ApplicationTests] from class [org.springframework.boot.test.context.SpringBootTestContextBootstrapper]
17:17:43.854 [main] INFO org.springframework.boot.test.context.SpringBootTestContextBootstrapper - Neither @ContextConfiguration nor @ContextHierarchy found for test class [InscripcionMaterias.ApplicationTests], using SpringBootContextLoader
17:17:43.858 [main] DEBUG org.springframework.test.context.support.AbstractContextLoader - Did not detect default resource location for test class [InscripcionMaterias.ApplicationTests]: class path resource [InscripcionMaterias/ApplicationTests-context.xml] does not exist
17:17:43.859 [main] DEBUG org.springframework.test.context.support.AbstractContextLoader - Did not detect default resource location for test class [InscripcionMaterias.ApplicationTests]: class path resource [InscripcionMaterias/ApplicationTestsContext.groovy] does not exist
17:17:43.859 [main] INFO org.springframework.test.context.support.AbstractContextLoader - Could not detect default resource locations for test class [InscripcionMaterias.ApplicationTests]: no resource found for suffixes {-context.xml, Context.groovy}.
17:17:43.860 [main] INFO org.springframework.test.context.support.AnnotationConfigContextLoaderUtils - Could not detect default configuration classes for test class [InscripcionMaterias.ApplicationTests]: ApplicationTests does not declare any static, non-private, non-final, nested classes annotated with @Configuration.
17:17:43.918 [main] DEBUG org.springframework.test.context.support.ActiveProfilesUtils - Could not find an 'annotation declaring class' for annotation type [org.springframework.test.context.ActiveProfiles] and class [InscripcionMaterias.ApplicationTests]
]]></system-out>
  </testcase>
</testsuite>